<?xml version="1.0" encoding="UTF-8"?>
<!-- Generated by org.testng.reporters.JUnitXMLReporter -->
<testsuite ignored="4" hostname="DESKTOP-DRC1TFD" failures="1" tests="6" name="Test" time="429.334" errors="0" timestamp="2022-11-10T23:57:14 GMT-08:00">
  <testcase classname="vTigerContactsTests.CreateContactTest" name="createCintactTest" time="85.237"/>
  <testcase classname="vTigerContactsTests.CreateContactTest" name="createContactTest" time="0.009"/>
  <testcase classname="vTigerContactsTests.CreateContactTest" name="createContactWithLeadSource" time="0.008">
    <failure type="java.lang.AssertionError" message="null">
      <![CDATA[java.lang.AssertionError: null
at vTigerContactsTests.CreateContactTest.createContactWithLeadSource(CreateContactTest.java:59)
at java.base/java.util.ArrayList.forEach(ArrayList.java:1511)
... Removed 29 stack frames]]>
    </failure>
  </testcase> <!-- createContactWithLeadSource -->
  <testcase classname="vTigerContactsTests.CreateContactTest" name="createContactWithLeadSourceAndOrg" time="0.006"/>
  <testcase classname="vTigerContactsTests.CreateContactWithOrganisationTest" name="createContactWithOrganisationTest" time="41.621"/>
  <testcase classname="vTigerOrganizatioTests.CreateOrganisationTest" name="createOrganisationTest" time="21.482"/>
  <testcase classname="vtiger.GenericLibrary.BaseClass" name="@AfterSuite asConfig" time="0.0">
    <ignored/>
  </testcase> <!-- @AfterSuite asConfig -->
  <testcase classname="vtiger.GenericLibrary.BaseClass" name="@AfterSuite asConfig" time="0.0">
    <ignored/>
  </testcase> <!-- @AfterSuite asConfig -->
  <testcase classname="vtiger.GenericLibrary.BaseClass" name="@BeforeSuite bsConfig" time="0.0">
    <ignored/>
  </testcase> <!-- @BeforeSuite bsConfig -->
  <testcase classname="vtiger.GenericLibrary.BaseClass" name="@BeforeSuite bsConfig" time="0.0">
    <ignored/>
  </testcase> <!-- @BeforeSuite bsConfig -->
</testsuite> <!-- Test -->
