<?xml version="1.0" encoding="UTF-8"?>
<testng-results ignored="0" total="4" passed="3" failed="1" skipped="0">
  <reporter-output>
    <line>
      <![CDATA[Execution of suit started]]>
    </line>
    <line>
      <![CDATA[contact created sucessfully]]>
    </line>
    <line>
      <![CDATA[created contact with lead source sucessfully]]>
    </line>
    <line>
      <![CDATA[ create contact with leadsource and organisation sucessfully]]>
    </line>
  </reporter-output>
  <suite started-at="2022-11-16T04:18:45 GMT-08:00" name="Default suite" finished-at="2022-11-16T04:23:01 GMT-08:00" duration-ms="256452">
    <groups>
      <group name="smokeSuite">
        <method signature="CreateContactTest.createContactTest()[pri:0, instance:vTigerContactsTests.CreateContactTest@4659191b]" name="createContactTest" class="vTigerContactsTests.CreateContactTest"/>
      </group> <!-- smokeSuite -->
      <group name="regressionSuite">
        <method signature="CreateContactTest.createCintactTest()[pri:0, instance:vTigerContactsTests.CreateContactTest@4659191b]" name="createCintactTest" class="vTigerContactsTests.CreateContactTest"/>
        <method signature="CreateContactTest.createContactTest()[pri:0, instance:vTigerContactsTests.CreateContactTest@4659191b]" name="createContactTest" class="vTigerContactsTests.CreateContactTest"/>
      </group> <!-- regressionSuite -->
    </groups>
    <test started-at="2022-11-16T04:18:45 GMT-08:00" name="Default test" finished-at="2022-11-16T04:23:01 GMT-08:00" duration-ms="256452">
      <class name="vTigerContactsTests.CreateContactTest">
        <test-method is-config="true" signature="bsConfig()[pri:0, instance:vTigerContactsTests.CreateContactTest@4659191b]" started-at="2022-11-16T04:18:45 GMT-08:00" name="bsConfig" finished-at="2022-11-16T04:18:45 GMT-08:00" duration-ms="15" status="PASS">
          <reporter-output>
          </reporter-output>
        </test-method> <!-- bsConfig -->
        <test-method is-config="true" signature="bcConfig()[pri:0, instance:vTigerContactsTests.CreateContactTest@4659191b]" started-at="2022-11-16T04:18:46 GMT-08:00" name="bcConfig" finished-at="2022-11-16T04:20:23 GMT-08:00" duration-ms="97150" status="PASS">
          <reporter-output>
          </reporter-output>
        </test-method> <!-- bcConfig -->
        <test-method is-config="true" signature="bmConfig()[pri:0, instance:vTigerContactsTests.CreateContactTest@4659191b]" started-at="2022-11-16T04:20:23 GMT-08:00" name="bmConfig" finished-at="2022-11-16T04:21:13 GMT-08:00" duration-ms="49944" status="PASS">
          <reporter-output>
          </reporter-output>
        </test-method> <!-- bmConfig -->
        <test-method signature="createCintactTest()[pri:0, instance:vTigerContactsTests.CreateContactTest@4659191b]" started-at="2022-11-16T04:21:13 GMT-08:00" name="createCintactTest" finished-at="2022-11-16T04:22:21 GMT-08:00" duration-ms="67626" status="PASS">
          <reporter-output>
          </reporter-output>
        </test-method> <!-- createCintactTest -->
        <test-method is-config="true" signature="amConfig()[pri:0, instance:vTigerContactsTests.CreateContactTest@4659191b]" started-at="2022-11-16T04:22:21 GMT-08:00" name="amConfig" finished-at="2022-11-16T04:22:26 GMT-08:00" duration-ms="4932" status="PASS">
          <reporter-output>
          </reporter-output>
        </test-method> <!-- amConfig -->
        <test-method is-config="true" signature="bmConfig()[pri:0, instance:vTigerContactsTests.CreateContactTest@4659191b]" started-at="2022-11-16T04:22:26 GMT-08:00" name="bmConfig" finished-at="2022-11-16T04:22:31 GMT-08:00" duration-ms="5497" status="PASS">
          <reporter-output>
          </reporter-output>
        </test-method> <!-- bmConfig -->
        <test-method signature="createContactTest()[pri:0, instance:vTigerContactsTests.CreateContactTest@4659191b]" started-at="2022-11-16T04:22:31 GMT-08:00" name="createContactTest" finished-at="2022-11-16T04:22:31 GMT-08:00" duration-ms="7" status="PASS">
          <reporter-output>
            <line>
              <![CDATA[contact created sucessfully]]>
            </line>
          </reporter-output>
        </test-method> <!-- createContactTest -->
        <test-method is-config="true" signature="amConfig()[pri:0, instance:vTigerContactsTests.CreateContactTest@4659191b]" started-at="2022-11-16T04:22:31 GMT-08:00" name="amConfig" finished-at="2022-11-16T04:22:39 GMT-08:00" duration-ms="7118" status="PASS">
          <reporter-output>
          </reporter-output>
        </test-method> <!-- amConfig -->
        <test-method is-config="true" signature="bmConfig()[pri:0, instance:vTigerContactsTests.CreateContactTest@4659191b]" started-at="2022-11-16T04:22:39 GMT-08:00" name="bmConfig" finished-at="2022-11-16T04:22:42 GMT-08:00" duration-ms="3825" status="PASS">
          <reporter-output>
          </reporter-output>
        </test-method> <!-- bmConfig -->
        <test-method signature="createContactWithLeadSource()[pri:0, instance:vTigerContactsTests.CreateContactTest@4659191b]" started-at="2022-11-16T04:22:42 GMT-08:00" name="createContactWithLeadSource" finished-at="2022-11-16T04:22:42 GMT-08:00" duration-ms="10" status="FAIL">
          <exception class="java.lang.AssertionError">
            <message>
              <![CDATA[null]]>
            </message>
            <full-stacktrace>
              <![CDATA[java.lang.AssertionError: null
at org.testng.Assert.fail(Assert.java:99)
at org.testng.Assert.fail(Assert.java:106)
at vTigerContactsTests.CreateContactTest.createContactWithLeadSource(CreateContactTest.java:59)
at java.base/jdk.internal.reflect.NativeMethodAccessorImpl.invoke0(Native Method)
at java.base/jdk.internal.reflect.NativeMethodAccessorImpl.invoke(NativeMethodAccessorImpl.java:77)
at java.base/jdk.internal.reflect.DelegatingMethodAccessorImpl.invoke(DelegatingMethodAccessorImpl.java:43)
at java.base/java.lang.reflect.Method.invoke(Method.java:568)
at org.testng.internal.MethodInvocationHelper.invokeMethod(MethodInvocationHelper.java:133)
at org.testng.internal.TestInvoker.invokeMethod(TestInvoker.java:598)
at org.testng.internal.TestInvoker.invokeTestMethod(TestInvoker.java:173)
at org.testng.internal.MethodRunner.runInSequence(MethodRunner.java:46)
at org.testng.internal.TestInvoker$MethodInvocationAgent.invoke(TestInvoker.java:824)
at org.testng.internal.TestInvoker.invokeTestMethods(TestInvoker.java:146)
at org.testng.internal.TestMethodWorker.invokeTestMethods(TestMethodWorker.java:146)
at org.testng.internal.TestMethodWorker.run(TestMethodWorker.java:128)
at java.base/java.util.ArrayList.forEach(ArrayList.java:1511)
at org.testng.TestRunner.privateRun(TestRunner.java:794)
at org.testng.TestRunner.run(TestRunner.java:596)
at org.testng.SuiteRunner.runTest(SuiteRunner.java:377)
at org.testng.SuiteRunner.runSequentially(SuiteRunner.java:371)
at org.testng.SuiteRunner.privateRun(SuiteRunner.java:332)
at org.testng.SuiteRunner.run(SuiteRunner.java:276)
at org.testng.SuiteRunnerWorker.runSuite(SuiteRunnerWorker.java:53)
at org.testng.SuiteRunnerWorker.run(SuiteRunnerWorker.java:96)
at org.testng.TestNG.runSuitesSequentially(TestNG.java:1212)
at org.testng.TestNG.runSuitesLocally(TestNG.java:1134)
at org.testng.TestNG.runSuites(TestNG.java:1063)
at org.testng.TestNG.run(TestNG.java:1031)
at org.testng.remote.AbstractRemoteTestNG.run(AbstractRemoteTestNG.java:115)
at org.testng.remote.RemoteTestNG.initAndRun(RemoteTestNG.java:251)
at org.testng.remote.RemoteTestNG.main(RemoteTestNG.java:77)
]]>
            </full-stacktrace>
          </exception> <!-- java.lang.AssertionError -->
          <reporter-output>
            <line>
              <![CDATA[created contact with lead source sucessfully]]>
            </line>
          </reporter-output>
        </test-method> <!-- createContactWithLeadSource -->
        <test-method is-config="true" signature="amConfig()[pri:0, instance:vTigerContactsTests.CreateContactTest@4659191b]" started-at="2022-11-16T04:22:43 GMT-08:00" name="amConfig" finished-at="2022-11-16T04:22:49 GMT-08:00" duration-ms="5941" status="PASS">
          <reporter-output>
          </reporter-output>
        </test-method> <!-- amConfig -->
        <test-method is-config="true" signature="bmConfig()[pri:0, instance:vTigerContactsTests.CreateContactTest@4659191b]" started-at="2022-11-16T04:22:49 GMT-08:00" name="bmConfig" finished-at="2022-11-16T04:22:53 GMT-08:00" duration-ms="3953" status="PASS">
          <reporter-output>
          </reporter-output>
        </test-method> <!-- bmConfig -->
        <test-method signature="createContactWithLeadSourceAndOrg()[pri:0, instance:vTigerContactsTests.CreateContactTest@4659191b]" started-at="2022-11-16T04:22:53 GMT-08:00" name="createContactWithLeadSourceAndOrg" finished-at="2022-11-16T04:22:53 GMT-08:00" duration-ms="2" status="PASS">
          <reporter-output>
            <line>
              <![CDATA[ create contact with leadsource and organisation sucessfully]]>
            </line>
          </reporter-output>
        </test-method> <!-- createContactWithLeadSourceAndOrg -->
        <test-method is-config="true" signature="amConfig()[pri:0, instance:vTigerContactsTests.CreateContactTest@4659191b]" started-at="2022-11-16T04:22:53 GMT-08:00" name="amConfig" finished-at="2022-11-16T04:23:00 GMT-08:00" duration-ms="6680" status="PASS">
          <reporter-output>
          </reporter-output>
        </test-method> <!-- amConfig -->
        <test-method is-config="true" signature="acConfig()[pri:0, instance:vTigerContactsTests.CreateContactTest@4659191b]" started-at="2022-11-16T04:23:00 GMT-08:00" name="acConfig" finished-at="2022-11-16T04:23:01 GMT-08:00" duration-ms="1519" status="PASS">
          <reporter-output>
          </reporter-output>
        </test-method> <!-- acConfig -->
        <test-method is-config="true" signature="asConfig()[pri:0, instance:vTigerContactsTests.CreateContactTest@4659191b]" started-at="2022-11-16T04:23:02 GMT-08:00" name="asConfig" finished-at="2022-11-16T04:23:02 GMT-08:00" duration-ms="0" status="PASS">
          <reporter-output>
          </reporter-output>
        </test-method> <!-- asConfig -->
      </class> <!-- vTigerContactsTests.CreateContactTest -->
    </test> <!-- Default test -->
  </suite> <!-- Default suite -->
</testng-results>
